15:30:37 INFO  : Registering command handlers for SDK TCF services
15:30:38 INFO  : Launching XSCT server: xsct.bat -interactive C:\Users\xtjac\School\VGA-Controller\VGA.sdk\temp_xsdb_launch_script.tcl
15:30:41 INFO  : XSCT server has started successfully.
15:30:44 INFO  : Successfully done setting XSCT server connection channel  
15:30:44 INFO  : Processing command line option -hwspec C:/Users/xtjac/School/VGA-Controller/VGA.sdk/VGA.hdf.
15:30:44 INFO  : Successfully done setting SDK workspace  
15:53:30 INFO  : Registering command handlers for SDK TCF services
15:53:30 INFO  : Launching XSCT server: xsct.bat -interactive C:\Users\xtjac\School\VGA-Controller\VGA.sdk\temp_xsdb_launch_script.tcl
15:53:32 INFO  : XSCT server has started successfully.
15:53:32 INFO  : Successfully done setting XSCT server connection channel  
15:53:32 INFO  : Processing command line option -hwspec C:/Users/xtjac/School/VGA-Controller/VGA.sdk/VGA.hdf.
15:53:32 INFO  : Successfully done setting SDK workspace  
15:53:32 INFO  : Checking for hwspec changes in the project VGA_hw_platform_0.
15:53:34 INFO  : SDK has detected change in the last modified timestamps for source hardware specification file Source:1556311974667,  Project:1556310570815
15:53:34 INFO  : The hardware specification for project 'VGA_hw_platform_0' is different from C:/Users/xtjac/School/VGA-Controller/VGA.sdk/VGA.hdf.
15:53:34 INFO  : Copied contents of C:/Users/xtjac/School/VGA-Controller/VGA.sdk/VGA.hdf into \VGA_hw_platform_0\system.hdf.
15:53:34 INFO  : Synchronizing projects in the workspace with the hardware platform specification changes.
15:53:36 INFO  : 
15:53:38 INFO  : Updating hardware inferred compiler options for VGA.
15:53:38 INFO  : Clearing existing target manager status.
15:54:29 INFO  : Successfully generated C:\Users\xtjac\School\VGA-Controller\VGA.sdk\VGA\src\lscript.ld.
15:54:29 INFO  : Applying linker script to all configurations of project VGA.
15:54:29 INFO  : Setting rebuild state to true for all configurations of project VGA.
16:11:27 INFO  : Registering command handlers for SDK TCF services
16:11:28 INFO  : Launching XSCT server: xsct.bat -interactive C:\Users\xtjac\School\VGA-Controller\VGA.sdk\temp_xsdb_launch_script.tcl
16:11:30 INFO  : XSCT server has started successfully.
16:11:30 INFO  : Successfully done setting XSCT server connection channel  
16:11:30 INFO  : Successfully done setting SDK workspace  
16:11:30 INFO  : Processing command line option -hwspec C:/Users/xtjac/School/VGA-Controller/VGA.sdk/VGA.hdf.
16:11:30 INFO  : Checking for hwspec changes in the project VGA_hw_platform_0.
16:11:32 INFO  : SDK has detected change in the last modified timestamps for source hardware specification file Source:1556312836028,  Project:1556311974667
16:11:32 INFO  : The hardware specification for project 'VGA_hw_platform_0' is different from C:/Users/xtjac/School/VGA-Controller/VGA.sdk/VGA.hdf.
16:11:32 INFO  : Copied contents of C:/Users/xtjac/School/VGA-Controller/VGA.sdk/VGA.hdf into \VGA_hw_platform_0\system.hdf.
16:11:32 INFO  : Synchronizing projects in the workspace with the hardware platform specification changes.
16:11:34 INFO  : 
16:11:35 INFO  : Updating hardware inferred compiler options for VGA.
16:11:35 INFO  : Clearing existing target manager status.
16:11:35 INFO  : Workspace synchronized with the new hardware specification file. Cleaning dependent projects...
16:11:36 WARN  : Linker script will not be updated automatically. Users need to update it manually.
16:11:54 INFO  : Successfully generated C:\Users\xtjac\School\VGA-Controller\VGA.sdk\VGA\src\lscript.ld.
16:11:54 INFO  : Applying linker script to all configurations of project VGA.
16:11:54 INFO  : Setting rebuild state to true for all configurations of project VGA.
16:13:19 INFO  : Connected to target on host '127.0.0.1' and port '3121'.
16:13:21 INFO  : 'targets -set -filter {jtag_cable_name =~ "Digilent Nexys4DDR 210292A4BA2CA" && level==0} -index 0' command is executed.
16:13:23 INFO  : FPGA configured successfully with bitstream "C:/Users/xtjac/School/VGA-Controller/VGA.sdk/VGA_hw_platform_0/download.bit"
16:13:33 INFO  : 'targets -set -filter {jtag_cable_name =~ "Digilent Nexys4DDR 210292A4BA2CA" && level==0} -index 0' command is executed.
16:13:33 INFO  : 'fpga -state' command is executed.
16:13:33 INFO  : Connected to target on host '127.0.0.1' and port '3121'.
16:13:33 INFO  : Jtag cable 'Digilent Nexys4DDR 210292A4BA2CA' is selected.
16:13:33 INFO  : 'jtag frequency' command is executed.
16:13:33 INFO  : 'configparams mdm-detect-bscan-mask 2' command is executed.
16:13:33 INFO  : Context for processor 'microblaze_0' is selected.
16:13:33 INFO  : Processor reset is completed for 'microblaze_0'.
16:13:33 INFO  : Context for processor 'microblaze_0' is selected.
16:13:33 INFO  : The application 'C:/Users/xtjac/School/VGA-Controller/VGA.sdk/VGA/Debug/VGA.elf' is downloaded to processor 'microblaze_0'.
16:13:33 INFO  : ----------------XSDB Script----------------
connect -url tcp:127.0.0.1:3121
configparams mdm-detect-bscan-mask 2
targets -set -nocase -filter {name =~ "microblaze*#0" && bscan=="USER2"  && jtag_cable_name =~ "Digilent Nexys4DDR 210292A4BA2CA"} -index 0
rst -processor
targets -set -nocase -filter {name =~ "microblaze*#0" && bscan=="USER2"  && jtag_cable_name =~ "Digilent Nexys4DDR 210292A4BA2CA"} -index 0
dow C:/Users/xtjac/School/VGA-Controller/VGA.sdk/VGA/Debug/VGA.elf
----------------End of Script----------------

16:13:33 INFO  : Memory regions updated for context MicroBlaze #0
16:13:33 INFO  : Memory regions updated for context MicroBlaze #0
16:13:33 INFO  : Context for processor 'microblaze_0' is selected.
16:13:33 INFO  : 'con' command is executed.
16:13:33 INFO  : ----------------XSDB Script (After Launch)----------------
targets -set -nocase -filter {name =~ "microblaze*#0" && bscan=="USER2"  && jtag_cable_name =~ "Digilent Nexys4DDR 210292A4BA2CA"} -index 0
con
----------------End of Script----------------

16:13:33 INFO  : Launch script is exported to file 'C:\Users\xtjac\School\VGA-Controller\VGA.sdk\.sdk\launch_scripts\xilinx_c-c++_application_(system_debugger)\system_debugger_using_debug_vga.elf_on_local.tcl'
16:28:26 INFO  : Disconnected from the channel tcfchan#1.
16:28:27 INFO  : 'targets -set -filter {jtag_cable_name =~ "Digilent Nexys4DDR 210292A4BA2CA" && level==0} -index 0' command is executed.
16:28:27 INFO  : 'fpga -state' command is executed.
16:28:27 INFO  : Connected to target on host '127.0.0.1' and port '3121'.
16:28:28 INFO  : Jtag cable 'Digilent Nexys4DDR 210292A4BA2CA' is selected.
16:28:28 INFO  : 'jtag frequency' command is executed.
16:28:28 INFO  : 'configparams mdm-detect-bscan-mask 2' command is executed.
16:28:28 INFO  : Context for processor 'microblaze_0' is selected.
16:28:28 INFO  : Processor reset is completed for 'microblaze_0'.
16:28:28 INFO  : Context for processor 'microblaze_0' is selected.
16:28:28 INFO  : The application 'C:/Users/xtjac/School/VGA-Controller/VGA.sdk/VGA/Debug/VGA.elf' is downloaded to processor 'microblaze_0'.
16:28:28 INFO  : ----------------XSDB Script----------------
connect -url tcp:127.0.0.1:3121
configparams mdm-detect-bscan-mask 2
targets -set -nocase -filter {name =~ "microblaze*#0" && bscan=="USER2"  && jtag_cable_name =~ "Digilent Nexys4DDR 210292A4BA2CA"} -index 0
rst -processor
targets -set -nocase -filter {name =~ "microblaze*#0" && bscan=="USER2"  && jtag_cable_name =~ "Digilent Nexys4DDR 210292A4BA2CA"} -index 0
dow C:/Users/xtjac/School/VGA-Controller/VGA.sdk/VGA/Debug/VGA.elf
----------------End of Script----------------

16:28:28 INFO  : Memory regions updated for context MicroBlaze #0
16:28:28 INFO  : Memory regions updated for context MicroBlaze #0
16:28:28 INFO  : Context for processor 'microblaze_0' is selected.
16:28:28 INFO  : 'con' command is executed.
16:28:28 INFO  : ----------------XSDB Script (After Launch)----------------
targets -set -nocase -filter {name =~ "microblaze*#0" && bscan=="USER2"  && jtag_cable_name =~ "Digilent Nexys4DDR 210292A4BA2CA"} -index 0
con
----------------End of Script----------------

16:28:28 INFO  : Launch script is exported to file 'C:\Users\xtjac\School\VGA-Controller\VGA.sdk\.sdk\launch_scripts\xilinx_c-c++_application_(system_debugger)\system_debugger_using_debug_vga.elf_on_local.tcl'
16:28:43 INFO  : Disconnected from the channel tcfchan#2.
16:28:44 INFO  : 'targets -set -filter {jtag_cable_name =~ "Digilent Nexys4DDR 210292A4BA2CA" && level==0} -index 0' command is executed.
16:28:44 INFO  : 'fpga -state' command is executed.
16:28:44 INFO  : Connected to target on host '127.0.0.1' and port '3121'.
16:28:44 INFO  : Jtag cable 'Digilent Nexys4DDR 210292A4BA2CA' is selected.
16:28:44 INFO  : 'jtag frequency' command is executed.
16:28:44 INFO  : 'configparams mdm-detect-bscan-mask 2' command is executed.
16:28:45 INFO  : Context for processor 'microblaze_0' is selected.
16:28:45 INFO  : Processor reset is completed for 'microblaze_0'.
16:28:45 INFO  : Context for processor 'microblaze_0' is selected.
16:28:45 INFO  : The application 'C:/Users/xtjac/School/VGA-Controller/VGA.sdk/VGA/Debug/VGA.elf' is downloaded to processor 'microblaze_0'.
16:28:45 INFO  : ----------------XSDB Script----------------
connect -url tcp:127.0.0.1:3121
configparams mdm-detect-bscan-mask 2
targets -set -nocase -filter {name =~ "microblaze*#0" && bscan=="USER2"  && jtag_cable_name =~ "Digilent Nexys4DDR 210292A4BA2CA"} -index 0
rst -processor
targets -set -nocase -filter {name =~ "microblaze*#0" && bscan=="USER2"  && jtag_cable_name =~ "Digilent Nexys4DDR 210292A4BA2CA"} -index 0
dow C:/Users/xtjac/School/VGA-Controller/VGA.sdk/VGA/Debug/VGA.elf
----------------End of Script----------------

16:28:45 INFO  : Memory regions updated for context MicroBlaze #0
16:28:45 INFO  : Memory regions updated for context MicroBlaze #0
16:28:45 INFO  : Context for processor 'microblaze_0' is selected.
16:28:45 INFO  : 'con' command is executed.
16:28:45 INFO  : ----------------XSDB Script (After Launch)----------------
targets -set -nocase -filter {name =~ "microblaze*#0" && bscan=="USER2"  && jtag_cable_name =~ "Digilent Nexys4DDR 210292A4BA2CA"} -index 0
con
----------------End of Script----------------

16:28:45 INFO  : Launch script is exported to file 'C:\Users\xtjac\School\VGA-Controller\VGA.sdk\.sdk\launch_scripts\xilinx_c-c++_application_(system_debugger)\system_debugger_using_debug_vga.elf_on_local.tcl'
16:29:07 INFO  : Disconnected from the channel tcfchan#3.
16:29:08 INFO  : 'targets -set -filter {jtag_cable_name =~ "Digilent Nexys4DDR 210292A4BA2CA" && level==0} -index 0' command is executed.
16:29:08 INFO  : 'fpga -state' command is executed.
16:29:08 INFO  : Connected to target on host '127.0.0.1' and port '3121'.
16:29:08 INFO  : Jtag cable 'Digilent Nexys4DDR 210292A4BA2CA' is selected.
16:29:08 INFO  : 'jtag frequency' command is executed.
16:29:08 INFO  : 'configparams mdm-detect-bscan-mask 2' command is executed.
16:29:08 INFO  : Context for processor 'microblaze_0' is selected.
16:29:08 INFO  : Processor reset is completed for 'microblaze_0'.
16:29:08 INFO  : Context for processor 'microblaze_0' is selected.
16:29:08 INFO  : The application 'C:/Users/xtjac/School/VGA-Controller/VGA.sdk/VGA/Debug/VGA.elf' is downloaded to processor 'microblaze_0'.
16:29:08 INFO  : ----------------XSDB Script----------------
connect -url tcp:127.0.0.1:3121
configparams mdm-detect-bscan-mask 2
targets -set -nocase -filter {name =~ "microblaze*#0" && bscan=="USER2"  && jtag_cable_name =~ "Digilent Nexys4DDR 210292A4BA2CA"} -index 0
rst -processor
targets -set -nocase -filter {name =~ "microblaze*#0" && bscan=="USER2"  && jtag_cable_name =~ "Digilent Nexys4DDR 210292A4BA2CA"} -index 0
dow C:/Users/xtjac/School/VGA-Controller/VGA.sdk/VGA/Debug/VGA.elf
----------------End of Script----------------

16:29:08 INFO  : Memory regions updated for context MicroBlaze #0
16:29:08 INFO  : Memory regions updated for context MicroBlaze #0
16:29:08 INFO  : Context for processor 'microblaze_0' is selected.
16:29:08 INFO  : 'con' command is executed.
16:29:08 INFO  : ----------------XSDB Script (After Launch)----------------
targets -set -nocase -filter {name =~ "microblaze*#0" && bscan=="USER2"  && jtag_cable_name =~ "Digilent Nexys4DDR 210292A4BA2CA"} -index 0
con
----------------End of Script----------------

16:29:08 INFO  : Launch script is exported to file 'C:\Users\xtjac\School\VGA-Controller\VGA.sdk\.sdk\launch_scripts\xilinx_c-c++_application_(system_debugger)\system_debugger_using_debug_vga.elf_on_local.tcl'
16:29:16 INFO  : Disconnected from the channel tcfchan#4.
16:29:17 INFO  : 'targets -set -filter {jtag_cable_name =~ "Digilent Nexys4DDR 210292A4BA2CA" && level==0} -index 0' command is executed.
16:29:17 INFO  : 'fpga -state' command is executed.
16:29:17 INFO  : Connected to target on host '127.0.0.1' and port '3121'.
16:29:17 INFO  : Jtag cable 'Digilent Nexys4DDR 210292A4BA2CA' is selected.
16:29:17 INFO  : 'jtag frequency' command is executed.
16:29:17 INFO  : 'configparams mdm-detect-bscan-mask 2' command is executed.
16:29:17 INFO  : Context for processor 'microblaze_0' is selected.
16:29:17 INFO  : Processor reset is completed for 'microblaze_0'.
16:29:17 INFO  : Context for processor 'microblaze_0' is selected.
16:29:18 INFO  : The application 'C:/Users/xtjac/School/VGA-Controller/VGA.sdk/VGA/Debug/VGA.elf' is downloaded to processor 'microblaze_0'.
16:29:18 INFO  : ----------------XSDB Script----------------
connect -url tcp:127.0.0.1:3121
configparams mdm-detect-bscan-mask 2
targets -set -nocase -filter {name =~ "microblaze*#0" && bscan=="USER2"  && jtag_cable_name =~ "Digilent Nexys4DDR 210292A4BA2CA"} -index 0
rst -processor
targets -set -nocase -filter {name =~ "microblaze*#0" && bscan=="USER2"  && jtag_cable_name =~ "Digilent Nexys4DDR 210292A4BA2CA"} -index 0
dow C:/Users/xtjac/School/VGA-Controller/VGA.sdk/VGA/Debug/VGA.elf
----------------End of Script----------------

16:29:18 INFO  : Memory regions updated for context MicroBlaze #0
16:29:18 INFO  : Memory regions updated for context MicroBlaze #0
16:29:18 INFO  : Context for processor 'microblaze_0' is selected.
16:29:18 INFO  : 'con' command is executed.
16:29:18 INFO  : ----------------XSDB Script (After Launch)----------------
targets -set -nocase -filter {name =~ "microblaze*#0" && bscan=="USER2"  && jtag_cable_name =~ "Digilent Nexys4DDR 210292A4BA2CA"} -index 0
con
----------------End of Script----------------

16:29:18 INFO  : Launch script is exported to file 'C:\Users\xtjac\School\VGA-Controller\VGA.sdk\.sdk\launch_scripts\xilinx_c-c++_application_(system_debugger)\system_debugger_using_debug_vga.elf_on_local.tcl'
16:31:00 INFO  : Disconnected from the channel tcfchan#5.
16:31:01 INFO  : 'targets -set -filter {jtag_cable_name =~ "Digilent Nexys4DDR 210292A4BA2CA" && level==0} -index 0' command is executed.
16:31:01 INFO  : 'fpga -state' command is executed.
16:31:01 INFO  : Connected to target on host '127.0.0.1' and port '3121'.
16:31:01 INFO  : Jtag cable 'Digilent Nexys4DDR 210292A4BA2CA' is selected.
16:31:01 INFO  : 'jtag frequency' command is executed.
16:31:01 INFO  : 'configparams mdm-detect-bscan-mask 2' command is executed.
16:31:01 INFO  : Context for processor 'microblaze_0' is selected.
16:31:01 INFO  : Processor reset is completed for 'microblaze_0'.
16:31:01 INFO  : Context for processor 'microblaze_0' is selected.
16:31:01 INFO  : The application 'C:/Users/xtjac/School/VGA-Controller/VGA.sdk/VGA/Debug/VGA.elf' is downloaded to processor 'microblaze_0'.
16:31:01 INFO  : ----------------XSDB Script----------------
connect -url tcp:127.0.0.1:3121
configparams mdm-detect-bscan-mask 2
targets -set -nocase -filter {name =~ "microblaze*#0" && bscan=="USER2"  && jtag_cable_name =~ "Digilent Nexys4DDR 210292A4BA2CA"} -index 0
rst -processor
targets -set -nocase -filter {name =~ "microblaze*#0" && bscan=="USER2"  && jtag_cable_name =~ "Digilent Nexys4DDR 210292A4BA2CA"} -index 0
dow C:/Users/xtjac/School/VGA-Controller/VGA.sdk/VGA/Debug/VGA.elf
----------------End of Script----------------

16:31:01 INFO  : Memory regions updated for context MicroBlaze #0
16:31:01 INFO  : Memory regions updated for context MicroBlaze #0
16:31:01 INFO  : Context for processor 'microblaze_0' is selected.
16:31:01 INFO  : 'con' command is executed.
16:31:01 INFO  : ----------------XSDB Script (After Launch)----------------
targets -set -nocase -filter {name =~ "microblaze*#0" && bscan=="USER2"  && jtag_cable_name =~ "Digilent Nexys4DDR 210292A4BA2CA"} -index 0
con
----------------End of Script----------------

16:31:01 INFO  : Launch script is exported to file 'C:\Users\xtjac\School\VGA-Controller\VGA.sdk\.sdk\launch_scripts\xilinx_c-c++_application_(system_debugger)\system_debugger_using_debug_vga.elf_on_local.tcl'
16:32:18 INFO  : Disconnected from the channel tcfchan#6.
16:32:19 INFO  : 'targets -set -filter {jtag_cable_name =~ "Digilent Nexys4DDR 210292A4BA2CA" && level==0} -index 0' command is executed.
16:32:19 INFO  : 'fpga -state' command is executed.
16:32:19 INFO  : Connected to target on host '127.0.0.1' and port '3121'.
16:32:19 INFO  : Jtag cable 'Digilent Nexys4DDR 210292A4BA2CA' is selected.
16:32:19 INFO  : 'jtag frequency' command is executed.
16:32:19 INFO  : 'configparams mdm-detect-bscan-mask 2' command is executed.
16:32:19 INFO  : Context for processor 'microblaze_0' is selected.
16:32:19 INFO  : Processor reset is completed for 'microblaze_0'.
16:32:19 INFO  : Context for processor 'microblaze_0' is selected.
16:32:19 INFO  : The application 'C:/Users/xtjac/School/VGA-Controller/VGA.sdk/VGA/Debug/VGA.elf' is downloaded to processor 'microblaze_0'.
16:32:19 INFO  : ----------------XSDB Script----------------
connect -url tcp:127.0.0.1:3121
configparams mdm-detect-bscan-mask 2
targets -set -nocase -filter {name =~ "microblaze*#0" && bscan=="USER2"  && jtag_cable_name =~ "Digilent Nexys4DDR 210292A4BA2CA"} -index 0
rst -processor
targets -set -nocase -filter {name =~ "microblaze*#0" && bscan=="USER2"  && jtag_cable_name =~ "Digilent Nexys4DDR 210292A4BA2CA"} -index 0
dow C:/Users/xtjac/School/VGA-Controller/VGA.sdk/VGA/Debug/VGA.elf
----------------End of Script----------------

16:32:19 INFO  : Memory regions updated for context MicroBlaze #0
16:32:19 INFO  : Memory regions updated for context MicroBlaze #0
16:32:19 INFO  : Context for processor 'microblaze_0' is selected.
16:32:19 INFO  : 'con' command is executed.
16:32:19 INFO  : ----------------XSDB Script (After Launch)----------------
targets -set -nocase -filter {name =~ "microblaze*#0" && bscan=="USER2"  && jtag_cable_name =~ "Digilent Nexys4DDR 210292A4BA2CA"} -index 0
con
----------------End of Script----------------

16:32:19 INFO  : Launch script is exported to file 'C:\Users\xtjac\School\VGA-Controller\VGA.sdk\.sdk\launch_scripts\xilinx_c-c++_application_(system_debugger)\system_debugger_using_debug_vga.elf_on_local.tcl'
16:32:31 INFO  : Disconnected from the channel tcfchan#7.
16:32:32 INFO  : 'targets -set -filter {jtag_cable_name =~ "Digilent Nexys4DDR 210292A4BA2CA" && level==0} -index 0' command is executed.
16:32:32 INFO  : 'fpga -state' command is executed.
16:32:32 INFO  : Connected to target on host '127.0.0.1' and port '3121'.
16:32:33 INFO  : Jtag cable 'Digilent Nexys4DDR 210292A4BA2CA' is selected.
16:32:33 INFO  : 'jtag frequency' command is executed.
16:32:33 INFO  : 'configparams mdm-detect-bscan-mask 2' command is executed.
16:32:33 INFO  : Context for processor 'microblaze_0' is selected.
16:32:33 INFO  : Processor reset is completed for 'microblaze_0'.
16:32:33 INFO  : Context for processor 'microblaze_0' is selected.
16:32:33 INFO  : The application 'C:/Users/xtjac/School/VGA-Controller/VGA.sdk/VGA/Debug/VGA.elf' is downloaded to processor 'microblaze_0'.
16:32:33 INFO  : ----------------XSDB Script----------------
connect -url tcp:127.0.0.1:3121
configparams mdm-detect-bscan-mask 2
targets -set -nocase -filter {name =~ "microblaze*#0" && bscan=="USER2"  && jtag_cable_name =~ "Digilent Nexys4DDR 210292A4BA2CA"} -index 0
rst -processor
targets -set -nocase -filter {name =~ "microblaze*#0" && bscan=="USER2"  && jtag_cable_name =~ "Digilent Nexys4DDR 210292A4BA2CA"} -index 0
dow C:/Users/xtjac/School/VGA-Controller/VGA.sdk/VGA/Debug/VGA.elf
----------------End of Script----------------

16:32:33 INFO  : Memory regions updated for context MicroBlaze #0
16:32:33 INFO  : Memory regions updated for context MicroBlaze #0
16:32:33 INFO  : Context for processor 'microblaze_0' is selected.
16:32:33 INFO  : 'con' command is executed.
16:32:33 INFO  : ----------------XSDB Script (After Launch)----------------
targets -set -nocase -filter {name =~ "microblaze*#0" && bscan=="USER2"  && jtag_cable_name =~ "Digilent Nexys4DDR 210292A4BA2CA"} -index 0
con
----------------End of Script----------------

16:32:33 INFO  : Launch script is exported to file 'C:\Users\xtjac\School\VGA-Controller\VGA.sdk\.sdk\launch_scripts\xilinx_c-c++_application_(system_debugger)\system_debugger_using_debug_vga.elf_on_local.tcl'
16:33:04 INFO  : Disconnected from the channel tcfchan#8.
16:33:05 INFO  : 'targets -set -filter {jtag_cable_name =~ "Digilent Nexys4DDR 210292A4BA2CA" && level==0} -index 0' command is executed.
16:33:05 INFO  : 'fpga -state' command is executed.
16:33:05 INFO  : Connected to target on host '127.0.0.1' and port '3121'.
16:33:06 INFO  : Jtag cable 'Digilent Nexys4DDR 210292A4BA2CA' is selected.
16:33:06 INFO  : 'jtag frequency' command is executed.
16:33:06 INFO  : 'configparams mdm-detect-bscan-mask 2' command is executed.
16:33:06 INFO  : Context for processor 'microblaze_0' is selected.
16:33:06 INFO  : Processor reset is completed for 'microblaze_0'.
16:33:06 INFO  : Context for processor 'microblaze_0' is selected.
16:33:06 INFO  : The application 'C:/Users/xtjac/School/VGA-Controller/VGA.sdk/VGA/Debug/VGA.elf' is downloaded to processor 'microblaze_0'.
16:33:06 INFO  : ----------------XSDB Script----------------
connect -url tcp:127.0.0.1:3121
configparams mdm-detect-bscan-mask 2
targets -set -nocase -filter {name =~ "microblaze*#0" && bscan=="USER2"  && jtag_cable_name =~ "Digilent Nexys4DDR 210292A4BA2CA"} -index 0
rst -processor
targets -set -nocase -filter {name =~ "microblaze*#0" && bscan=="USER2"  && jtag_cable_name =~ "Digilent Nexys4DDR 210292A4BA2CA"} -index 0
dow C:/Users/xtjac/School/VGA-Controller/VGA.sdk/VGA/Debug/VGA.elf
----------------End of Script----------------

16:33:06 INFO  : Memory regions updated for context MicroBlaze #0
16:33:06 INFO  : Memory regions updated for context MicroBlaze #0
16:33:06 INFO  : Context for processor 'microblaze_0' is selected.
16:33:06 INFO  : 'con' command is executed.
16:33:06 INFO  : ----------------XSDB Script (After Launch)----------------
targets -set -nocase -filter {name =~ "microblaze*#0" && bscan=="USER2"  && jtag_cable_name =~ "Digilent Nexys4DDR 210292A4BA2CA"} -index 0
con
----------------End of Script----------------

16:33:06 INFO  : Launch script is exported to file 'C:\Users\xtjac\School\VGA-Controller\VGA.sdk\.sdk\launch_scripts\xilinx_c-c++_application_(system_debugger)\system_debugger_using_debug_vga.elf_on_local.tcl'
16:53:44 INFO  : Disconnected from the channel tcfchan#9.
16:53:45 INFO  : 'targets -set -filter {jtag_cable_name =~ "Digilent Nexys4DDR 210292A4BA2CA" && level==0} -index 0' command is executed.
16:53:45 INFO  : 'fpga -state' command is executed.
16:53:45 INFO  : Connected to target on host '127.0.0.1' and port '3121'.
16:53:46 INFO  : Jtag cable 'Digilent Nexys4DDR 210292A4BA2CA' is selected.
16:53:46 INFO  : 'jtag frequency' command is executed.
16:53:46 INFO  : 'configparams mdm-detect-bscan-mask 2' command is executed.
16:53:46 INFO  : Context for processor 'microblaze_0' is selected.
16:53:46 INFO  : Processor reset is completed for 'microblaze_0'.
16:53:46 INFO  : Context for processor 'microblaze_0' is selected.
16:53:46 INFO  : The application 'C:/Users/xtjac/School/VGA-Controller/VGA.sdk/VGA/Debug/VGA.elf' is downloaded to processor 'microblaze_0'.
16:53:46 INFO  : ----------------XSDB Script----------------
connect -url tcp:127.0.0.1:3121
configparams mdm-detect-bscan-mask 2
targets -set -nocase -filter {name =~ "microblaze*#0" && bscan=="USER2"  && jtag_cable_name =~ "Digilent Nexys4DDR 210292A4BA2CA"} -index 0
rst -processor
targets -set -nocase -filter {name =~ "microblaze*#0" && bscan=="USER2"  && jtag_cable_name =~ "Digilent Nexys4DDR 210292A4BA2CA"} -index 0
dow C:/Users/xtjac/School/VGA-Controller/VGA.sdk/VGA/Debug/VGA.elf
----------------End of Script----------------

16:53:46 INFO  : Memory regions updated for context MicroBlaze #0
16:53:46 INFO  : Memory regions updated for context MicroBlaze #0
16:53:46 INFO  : Context for processor 'microblaze_0' is selected.
16:53:46 INFO  : 'con' command is executed.
16:53:46 INFO  : ----------------XSDB Script (After Launch)----------------
targets -set -nocase -filter {name =~ "microblaze*#0" && bscan=="USER2"  && jtag_cable_name =~ "Digilent Nexys4DDR 210292A4BA2CA"} -index 0
con
----------------End of Script----------------

16:53:46 INFO  : Launch script is exported to file 'C:\Users\xtjac\School\VGA-Controller\VGA.sdk\.sdk\launch_scripts\xilinx_c-c++_application_(system_debugger)\system_debugger_using_debug_vga.elf_on_local.tcl'
16:54:42 INFO  : Disconnected from the channel tcfchan#10.
16:54:43 INFO  : 'targets -set -filter {jtag_cable_name =~ "Digilent Nexys4DDR 210292A4BA2CA" && level==0} -index 0' command is executed.
16:54:43 INFO  : 'fpga -state' command is executed.
16:54:43 INFO  : Connected to target on host '127.0.0.1' and port '3121'.
16:54:43 INFO  : Jtag cable 'Digilent Nexys4DDR 210292A4BA2CA' is selected.
16:54:43 INFO  : 'jtag frequency' command is executed.
16:54:43 INFO  : 'configparams mdm-detect-bscan-mask 2' command is executed.
16:54:43 INFO  : Context for processor 'microblaze_0' is selected.
16:54:43 INFO  : Processor reset is completed for 'microblaze_0'.
16:54:43 INFO  : Context for processor 'microblaze_0' is selected.
16:54:43 INFO  : The application 'C:/Users/xtjac/School/VGA-Controller/VGA.sdk/VGA/Debug/VGA.elf' is downloaded to processor 'microblaze_0'.
16:54:43 INFO  : ----------------XSDB Script----------------
connect -url tcp:127.0.0.1:3121
configparams mdm-detect-bscan-mask 2
targets -set -nocase -filter {name =~ "microblaze*#0" && bscan=="USER2"  && jtag_cable_name =~ "Digilent Nexys4DDR 210292A4BA2CA"} -index 0
rst -processor
targets -set -nocase -filter {name =~ "microblaze*#0" && bscan=="USER2"  && jtag_cable_name =~ "Digilent Nexys4DDR 210292A4BA2CA"} -index 0
dow C:/Users/xtjac/School/VGA-Controller/VGA.sdk/VGA/Debug/VGA.elf
----------------End of Script----------------

16:54:43 INFO  : Memory regions updated for context MicroBlaze #0
16:54:43 INFO  : Memory regions updated for context MicroBlaze #0
16:54:43 INFO  : Context for processor 'microblaze_0' is selected.
16:54:43 INFO  : 'con' command is executed.
16:54:43 INFO  : ----------------XSDB Script (After Launch)----------------
targets -set -nocase -filter {name =~ "microblaze*#0" && bscan=="USER2"  && jtag_cable_name =~ "Digilent Nexys4DDR 210292A4BA2CA"} -index 0
con
----------------End of Script----------------

16:54:43 INFO  : Launch script is exported to file 'C:\Users\xtjac\School\VGA-Controller\VGA.sdk\.sdk\launch_scripts\xilinx_c-c++_application_(system_debugger)\system_debugger_using_debug_vga.elf_on_local.tcl'
16:54:54 INFO  : Disconnected from the channel tcfchan#11.
16:54:55 INFO  : 'targets -set -filter {jtag_cable_name =~ "Digilent Nexys4DDR 210292A4BA2CA" && level==0} -index 0' command is executed.
16:54:55 INFO  : 'fpga -state' command is executed.
16:54:55 INFO  : Connected to target on host '127.0.0.1' and port '3121'.
16:54:55 INFO  : Jtag cable 'Digilent Nexys4DDR 210292A4BA2CA' is selected.
16:54:55 INFO  : 'jtag frequency' command is executed.
16:54:55 INFO  : 'configparams mdm-detect-bscan-mask 2' command is executed.
16:54:55 INFO  : Context for processor 'microblaze_0' is selected.
16:54:55 INFO  : Processor reset is completed for 'microblaze_0'.
16:54:55 INFO  : Context for processor 'microblaze_0' is selected.
16:54:55 INFO  : The application 'C:/Users/xtjac/School/VGA-Controller/VGA.sdk/VGA/Debug/VGA.elf' is downloaded to processor 'microblaze_0'.
16:54:55 INFO  : ----------------XSDB Script----------------
connect -url tcp:127.0.0.1:3121
configparams mdm-detect-bscan-mask 2
targets -set -nocase -filter {name =~ "microblaze*#0" && bscan=="USER2"  && jtag_cable_name =~ "Digilent Nexys4DDR 210292A4BA2CA"} -index 0
rst -processor
targets -set -nocase -filter {name =~ "microblaze*#0" && bscan=="USER2"  && jtag_cable_name =~ "Digilent Nexys4DDR 210292A4BA2CA"} -index 0
dow C:/Users/xtjac/School/VGA-Controller/VGA.sdk/VGA/Debug/VGA.elf
----------------End of Script----------------

16:54:56 INFO  : Memory regions updated for context MicroBlaze #0
16:54:56 INFO  : Memory regions updated for context MicroBlaze #0
16:54:56 INFO  : Context for processor 'microblaze_0' is selected.
16:54:56 INFO  : 'con' command is executed.
16:54:56 INFO  : ----------------XSDB Script (After Launch)----------------
targets -set -nocase -filter {name =~ "microblaze*#0" && bscan=="USER2"  && jtag_cable_name =~ "Digilent Nexys4DDR 210292A4BA2CA"} -index 0
con
----------------End of Script----------------

16:54:56 INFO  : Launch script is exported to file 'C:\Users\xtjac\School\VGA-Controller\VGA.sdk\.sdk\launch_scripts\xilinx_c-c++_application_(system_debugger)\system_debugger_using_debug_vga.elf_on_local.tcl'
16:56:17 INFO  : Disconnected from the channel tcfchan#12.
16:56:18 INFO  : 'targets -set -filter {jtag_cable_name =~ "Digilent Nexys4DDR 210292A4BA2CA" && level==0} -index 0' command is executed.
16:56:18 INFO  : 'fpga -state' command is executed.
16:56:18 INFO  : Connected to target on host '127.0.0.1' and port '3121'.
16:56:18 INFO  : Jtag cable 'Digilent Nexys4DDR 210292A4BA2CA' is selected.
16:56:18 INFO  : 'jtag frequency' command is executed.
16:56:18 INFO  : 'configparams mdm-detect-bscan-mask 2' command is executed.
16:56:18 INFO  : Context for processor 'microblaze_0' is selected.
16:56:18 INFO  : Processor reset is completed for 'microblaze_0'.
16:56:18 INFO  : Context for processor 'microblaze_0' is selected.
16:56:18 INFO  : The application 'C:/Users/xtjac/School/VGA-Controller/VGA.sdk/VGA/Debug/VGA.elf' is downloaded to processor 'microblaze_0'.
16:56:18 INFO  : ----------------XSDB Script----------------
connect -url tcp:127.0.0.1:3121
configparams mdm-detect-bscan-mask 2
targets -set -nocase -filter {name =~ "microblaze*#0" && bscan=="USER2"  && jtag_cable_name =~ "Digilent Nexys4DDR 210292A4BA2CA"} -index 0
rst -processor
targets -set -nocase -filter {name =~ "microblaze*#0" && bscan=="USER2"  && jtag_cable_name =~ "Digilent Nexys4DDR 210292A4BA2CA"} -index 0
dow C:/Users/xtjac/School/VGA-Controller/VGA.sdk/VGA/Debug/VGA.elf
----------------End of Script----------------

16:56:18 INFO  : Memory regions updated for context MicroBlaze #0
16:56:18 INFO  : Memory regions updated for context MicroBlaze #0
16:56:18 INFO  : Context for processor 'microblaze_0' is selected.
16:56:18 INFO  : 'con' command is executed.
16:56:18 INFO  : ----------------XSDB Script (After Launch)----------------
targets -set -nocase -filter {name =~ "microblaze*#0" && bscan=="USER2"  && jtag_cable_name =~ "Digilent Nexys4DDR 210292A4BA2CA"} -index 0
con
----------------End of Script----------------

16:56:18 INFO  : Launch script is exported to file 'C:\Users\xtjac\School\VGA-Controller\VGA.sdk\.sdk\launch_scripts\xilinx_c-c++_application_(system_debugger)\system_debugger_using_debug_vga.elf_on_local.tcl'
16:56:34 INFO  : Disconnected from the channel tcfchan#13.
16:56:35 INFO  : 'targets -set -filter {jtag_cable_name =~ "Digilent Nexys4DDR 210292A4BA2CA" && level==0} -index 0' command is executed.
16:56:36 INFO  : 'fpga -state' command is executed.
16:56:36 INFO  : Connected to target on host '127.0.0.1' and port '3121'.
16:56:36 INFO  : Jtag cable 'Digilent Nexys4DDR 210292A4BA2CA' is selected.
16:56:36 INFO  : 'jtag frequency' command is executed.
16:56:36 INFO  : 'configparams mdm-detect-bscan-mask 2' command is executed.
16:56:36 INFO  : Context for processor 'microblaze_0' is selected.
16:56:36 INFO  : Processor reset is completed for 'microblaze_0'.
16:56:36 INFO  : Context for processor 'microblaze_0' is selected.
16:56:36 INFO  : The application 'C:/Users/xtjac/School/VGA-Controller/VGA.sdk/VGA/Debug/VGA.elf' is downloaded to processor 'microblaze_0'.
16:56:36 INFO  : ----------------XSDB Script----------------
connect -url tcp:127.0.0.1:3121
configparams mdm-detect-bscan-mask 2
targets -set -nocase -filter {name =~ "microblaze*#0" && bscan=="USER2"  && jtag_cable_name =~ "Digilent Nexys4DDR 210292A4BA2CA"} -index 0
rst -processor
targets -set -nocase -filter {name =~ "microblaze*#0" && bscan=="USER2"  && jtag_cable_name =~ "Digilent Nexys4DDR 210292A4BA2CA"} -index 0
dow C:/Users/xtjac/School/VGA-Controller/VGA.sdk/VGA/Debug/VGA.elf
----------------End of Script----------------

16:56:36 INFO  : Memory regions updated for context MicroBlaze #0
16:56:36 INFO  : Memory regions updated for context MicroBlaze #0
16:56:36 INFO  : Context for processor 'microblaze_0' is selected.
16:56:36 INFO  : 'con' command is executed.
16:56:36 INFO  : ----------------XSDB Script (After Launch)----------------
targets -set -nocase -filter {name =~ "microblaze*#0" && bscan=="USER2"  && jtag_cable_name =~ "Digilent Nexys4DDR 210292A4BA2CA"} -index 0
con
----------------End of Script----------------

16:56:36 INFO  : Launch script is exported to file 'C:\Users\xtjac\School\VGA-Controller\VGA.sdk\.sdk\launch_scripts\xilinx_c-c++_application_(system_debugger)\system_debugger_using_debug_vga.elf_on_local.tcl'
16:56:46 INFO  : Disconnected from the channel tcfchan#14.
16:56:47 INFO  : 'targets -set -filter {jtag_cable_name =~ "Digilent Nexys4DDR 210292A4BA2CA" && level==0} -index 0' command is executed.
16:56:47 INFO  : 'fpga -state' command is executed.
16:56:47 INFO  : Connected to target on host '127.0.0.1' and port '3121'.
16:56:48 INFO  : Jtag cable 'Digilent Nexys4DDR 210292A4BA2CA' is selected.
16:56:48 INFO  : 'jtag frequency' command is executed.
16:56:48 INFO  : 'configparams mdm-detect-bscan-mask 2' command is executed.
16:56:48 INFO  : Context for processor 'microblaze_0' is selected.
16:56:48 INFO  : Processor reset is completed for 'microblaze_0'.
16:56:48 INFO  : Context for processor 'microblaze_0' is selected.
16:56:48 INFO  : The application 'C:/Users/xtjac/School/VGA-Controller/VGA.sdk/VGA/Debug/VGA.elf' is downloaded to processor 'microblaze_0'.
16:56:48 INFO  : ----------------XSDB Script----------------
connect -url tcp:127.0.0.1:3121
configparams mdm-detect-bscan-mask 2
targets -set -nocase -filter {name =~ "microblaze*#0" && bscan=="USER2"  && jtag_cable_name =~ "Digilent Nexys4DDR 210292A4BA2CA"} -index 0
rst -processor
targets -set -nocase -filter {name =~ "microblaze*#0" && bscan=="USER2"  && jtag_cable_name =~ "Digilent Nexys4DDR 210292A4BA2CA"} -index 0
dow C:/Users/xtjac/School/VGA-Controller/VGA.sdk/VGA/Debug/VGA.elf
----------------End of Script----------------

16:56:48 INFO  : Memory regions updated for context MicroBlaze #0
16:56:48 INFO  : Memory regions updated for context MicroBlaze #0
16:56:48 INFO  : Context for processor 'microblaze_0' is selected.
16:56:48 INFO  : 'con' command is executed.
16:56:48 INFO  : ----------------XSDB Script (After Launch)----------------
targets -set -nocase -filter {name =~ "microblaze*#0" && bscan=="USER2"  && jtag_cable_name =~ "Digilent Nexys4DDR 210292A4BA2CA"} -index 0
con
----------------End of Script----------------

16:56:48 INFO  : Launch script is exported to file 'C:\Users\xtjac\School\VGA-Controller\VGA.sdk\.sdk\launch_scripts\xilinx_c-c++_application_(system_debugger)\system_debugger_using_debug_vga.elf_on_local.tcl'
16:57:01 INFO  : Disconnected from the channel tcfchan#15.
16:57:02 INFO  : 'targets -set -filter {jtag_cable_name =~ "Digilent Nexys4DDR 210292A4BA2CA" && level==0} -index 0' command is executed.
16:57:02 INFO  : 'fpga -state' command is executed.
16:57:02 INFO  : Connected to target on host '127.0.0.1' and port '3121'.
16:57:02 INFO  : Jtag cable 'Digilent Nexys4DDR 210292A4BA2CA' is selected.
16:57:02 INFO  : 'jtag frequency' command is executed.
16:57:02 INFO  : 'configparams mdm-detect-bscan-mask 2' command is executed.
16:57:02 INFO  : Context for processor 'microblaze_0' is selected.
16:57:02 INFO  : Processor reset is completed for 'microblaze_0'.
16:57:02 INFO  : Context for processor 'microblaze_0' is selected.
16:57:02 INFO  : The application 'C:/Users/xtjac/School/VGA-Controller/VGA.sdk/VGA/Debug/VGA.elf' is downloaded to processor 'microblaze_0'.
16:57:02 INFO  : ----------------XSDB Script----------------
connect -url tcp:127.0.0.1:3121
configparams mdm-detect-bscan-mask 2
targets -set -nocase -filter {name =~ "microblaze*#0" && bscan=="USER2"  && jtag_cable_name =~ "Digilent Nexys4DDR 210292A4BA2CA"} -index 0
rst -processor
targets -set -nocase -filter {name =~ "microblaze*#0" && bscan=="USER2"  && jtag_cable_name =~ "Digilent Nexys4DDR 210292A4BA2CA"} -index 0
dow C:/Users/xtjac/School/VGA-Controller/VGA.sdk/VGA/Debug/VGA.elf
----------------End of Script----------------

16:57:03 INFO  : Memory regions updated for context MicroBlaze #0
16:57:03 INFO  : Memory regions updated for context MicroBlaze #0
16:57:03 INFO  : Context for processor 'microblaze_0' is selected.
16:57:03 INFO  : 'con' command is executed.
16:57:03 INFO  : ----------------XSDB Script (After Launch)----------------
targets -set -nocase -filter {name =~ "microblaze*#0" && bscan=="USER2"  && jtag_cable_name =~ "Digilent Nexys4DDR 210292A4BA2CA"} -index 0
con
----------------End of Script----------------

16:57:03 INFO  : Launch script is exported to file 'C:\Users\xtjac\School\VGA-Controller\VGA.sdk\.sdk\launch_scripts\xilinx_c-c++_application_(system_debugger)\system_debugger_using_debug_vga.elf_on_local.tcl'
16:58:39 INFO  : Disconnected from the channel tcfchan#16.
16:58:40 INFO  : 'targets -set -filter {jtag_cable_name =~ "Digilent Nexys4DDR 210292A4BA2CA" && level==0} -index 0' command is executed.
16:58:40 INFO  : 'fpga -state' command is executed.
16:58:40 INFO  : Connected to target on host '127.0.0.1' and port '3121'.
16:58:40 INFO  : Jtag cable 'Digilent Nexys4DDR 210292A4BA2CA' is selected.
16:58:40 INFO  : 'jtag frequency' command is executed.
16:58:40 INFO  : 'configparams mdm-detect-bscan-mask 2' command is executed.
16:58:40 INFO  : Context for processor 'microblaze_0' is selected.
16:58:40 INFO  : Processor reset is completed for 'microblaze_0'.
16:58:40 INFO  : Context for processor 'microblaze_0' is selected.
16:58:41 INFO  : The application 'C:/Users/xtjac/School/VGA-Controller/VGA.sdk/VGA/Debug/VGA.elf' is downloaded to processor 'microblaze_0'.
16:58:41 INFO  : ----------------XSDB Script----------------
connect -url tcp:127.0.0.1:3121
configparams mdm-detect-bscan-mask 2
targets -set -nocase -filter {name =~ "microblaze*#0" && bscan=="USER2"  && jtag_cable_name =~ "Digilent Nexys4DDR 210292A4BA2CA"} -index 0
rst -processor
targets -set -nocase -filter {name =~ "microblaze*#0" && bscan=="USER2"  && jtag_cable_name =~ "Digilent Nexys4DDR 210292A4BA2CA"} -index 0
dow C:/Users/xtjac/School/VGA-Controller/VGA.sdk/VGA/Debug/VGA.elf
----------------End of Script----------------

16:58:41 INFO  : Memory regions updated for context MicroBlaze #0
16:58:41 INFO  : Memory regions updated for context MicroBlaze #0
16:58:41 INFO  : Context for processor 'microblaze_0' is selected.
16:58:41 INFO  : 'con' command is executed.
16:58:41 INFO  : ----------------XSDB Script (After Launch)----------------
targets -set -nocase -filter {name =~ "microblaze*#0" && bscan=="USER2"  && jtag_cable_name =~ "Digilent Nexys4DDR 210292A4BA2CA"} -index 0
con
----------------End of Script----------------

16:58:41 INFO  : Launch script is exported to file 'C:\Users\xtjac\School\VGA-Controller\VGA.sdk\.sdk\launch_scripts\xilinx_c-c++_application_(system_debugger)\system_debugger_using_debug_vga.elf_on_local.tcl'
16:59:12 INFO  : Disconnected from the channel tcfchan#17.
16:59:13 INFO  : 'targets -set -filter {jtag_cable_name =~ "Digilent Nexys4DDR 210292A4BA2CA" && level==0} -index 0' command is executed.
16:59:13 INFO  : 'fpga -state' command is executed.
16:59:13 INFO  : Connected to target on host '127.0.0.1' and port '3121'.
16:59:13 INFO  : Jtag cable 'Digilent Nexys4DDR 210292A4BA2CA' is selected.
16:59:13 INFO  : 'jtag frequency' command is executed.
16:59:13 INFO  : 'configparams mdm-detect-bscan-mask 2' command is executed.
16:59:13 INFO  : Context for processor 'microblaze_0' is selected.
16:59:13 INFO  : Processor reset is completed for 'microblaze_0'.
16:59:13 INFO  : Context for processor 'microblaze_0' is selected.
16:59:13 INFO  : The application 'C:/Users/xtjac/School/VGA-Controller/VGA.sdk/VGA/Debug/VGA.elf' is downloaded to processor 'microblaze_0'.
16:59:13 INFO  : ----------------XSDB Script----------------
connect -url tcp:127.0.0.1:3121
configparams mdm-detect-bscan-mask 2
targets -set -nocase -filter {name =~ "microblaze*#0" && bscan=="USER2"  && jtag_cable_name =~ "Digilent Nexys4DDR 210292A4BA2CA"} -index 0
rst -processor
targets -set -nocase -filter {name =~ "microblaze*#0" && bscan=="USER2"  && jtag_cable_name =~ "Digilent Nexys4DDR 210292A4BA2CA"} -index 0
dow C:/Users/xtjac/School/VGA-Controller/VGA.sdk/VGA/Debug/VGA.elf
----------------End of Script----------------

16:59:14 INFO  : Memory regions updated for context MicroBlaze #0
16:59:14 INFO  : Memory regions updated for context MicroBlaze #0
16:59:14 INFO  : Context for processor 'microblaze_0' is selected.
16:59:14 INFO  : 'con' command is executed.
16:59:14 INFO  : ----------------XSDB Script (After Launch)----------------
targets -set -nocase -filter {name =~ "microblaze*#0" && bscan=="USER2"  && jtag_cable_name =~ "Digilent Nexys4DDR 210292A4BA2CA"} -index 0
con
----------------End of Script----------------

16:59:14 INFO  : Launch script is exported to file 'C:\Users\xtjac\School\VGA-Controller\VGA.sdk\.sdk\launch_scripts\xilinx_c-c++_application_(system_debugger)\system_debugger_using_debug_vga.elf_on_local.tcl'
17:02:08 INFO  : Disconnected from the channel tcfchan#18.
